<?xml version="1.0" encoding="UTF-8"?>
<!-- Generated by org.testng.reporters.JUnitReportReporter -->
<testsuite skipped="0" hostname="s-PC" name="testcases.VerifyLoginPage" tests="1" failures="0" timestamp="06 Jul 2018 14:27:41 GMT" time="60.646" errors="0">
  <testcase name="testLoginPage" time="60.646" classname="testcases.VerifyLoginPage"/>
</testsuite> <!-- testcases.VerifyLoginPage -->
