<?xml version="1.0" encoding="UTF-8"?>
<!-- Generated by org.testng.reporters.JUnitReportReporter -->
<testsuite skipped="0" hostname="s-PC" name="testcases.VerifyHomePage" tests="1" failures="0" timestamp="01 Jul 2018 13:39:38 GMT" time="20.159" errors="0">
  <testcase name="testHomePage" time="20.159" classname="testcases.VerifyHomePage"/>
</testsuite> <!-- testcases.VerifyHomePage -->
